[15:49:38] [main/WARN]: Ambiguity between arguments [teleport, location] and [teleport, destination] with inputs: [0.1 -0.5 .9, 0 0 0]
[15:49:38] [main/WARN]: Ambiguity between arguments [teleport, location] and [teleport, targets] with inputs: [0.1 -0.5 .9, 0 0 0]
[15:49:38] [main/WARN]: Ambiguity between arguments [teleport, targets] and [teleport, destination] with inputs: [Player, 0123, dd12be42-52a9-4a91-a8a1-11c01849e498]
[15:49:38] [main/WARN]: Ambiguity between arguments [teleport, targets, location] and [teleport, targets, destination] with inputs: [0.1 -0.5 .9, 0 0 0]
[15:49:39] [Server thread/INFO]: Starting minecraft server version 1.15.2
[15:49:39] [Server thread/INFO]: Loading properties
[15:49:39] [Server thread/INFO]: Default game type: SURVIVAL
[15:49:39] [Server thread/INFO]: Generating keypair
[15:49:39] [Server console handler/ERROR]: Exception handling console input
java.io.IOException: The handle is invalid
	at java.io.FileInputStream.readBytes(Native Method) ~[?:1.8.0_241]
	at java.io.FileInputStream.read(Unknown Source) ~[?:1.8.0_241]
	at java.io.BufferedInputStream.read1(Unknown Source) ~[?:1.8.0_241]
	at java.io.BufferedInputStream.read(Unknown Source) ~[?:1.8.0_241]
	at sun.nio.cs.StreamDecoder.readBytes(Unknown Source) ~[?:1.8.0_241]
	at sun.nio.cs.StreamDecoder.implRead(Unknown Source) ~[?:1.8.0_241]
	at sun.nio.cs.StreamDecoder.read(Unknown Source) ~[?:1.8.0_241]
	at java.io.InputStreamReader.read(Unknown Source) ~[?:1.8.0_241]
	at java.io.BufferedReader.fill(Unknown Source) ~[?:1.8.0_241]
	at java.io.BufferedReader.readLine(Unknown Source) ~[?:1.8.0_241]
	at java.io.BufferedReader.readLine(Unknown Source) ~[?:1.8.0_241]
	at wd$2.run(SourceFile:110) [server.jar:?]
[15:49:39] [Server thread/INFO]: Starting Minecraft server on *:25565
[15:49:39] [Server thread/INFO]: Using default channel type
[15:49:40] [Server thread/INFO]: Preparing level "world"
[15:49:40] [Server thread/INFO]: Reloading ResourceManager: Default
[15:49:41] [Server thread/INFO]: Loaded 6 recipes
[15:49:41] [Server thread/INFO]: Loaded 825 advancements
[15:49:42] [Server thread/INFO]: Preparing start region for dimension minecraft:overworld
[15:49:43] [Server thread/INFO]: Preparing spawn area: 0%
[15:49:43] [Server thread/INFO]: Preparing spawn area: 0%
[15:49:43] [Server thread/INFO]: Preparing spawn area: 0%
[15:49:43] [Server thread/INFO]: Preparing spawn area: 0%
[15:49:44] [Server-Worker-1/INFO]: Preparing spawn area: 0%
[15:49:44] [Server-Worker-2/INFO]: Preparing spawn area: 0%
[15:49:46] [Server-Worker-4/INFO]: Preparing spawn area: 95%
[15:49:46] [Server-Worker-1/INFO]: Preparing spawn area: 95%
[15:49:46] [Server-Worker-4/INFO]: Preparing spawn area: 95%
[15:49:46] [Server-Worker-7/INFO]: Preparing spawn area: 95%
[15:49:47] [Server-Worker-2/INFO]: Preparing spawn area: 95%
[15:49:47] [Server thread/INFO]: Time elapsed: 5405 ms
[15:49:47] [Server thread/INFO]: Done (6.951s)! For help, type "help"
[15:52:19] [User Authenticator #1/INFO]: UUID of player ngans20 is 632555f7-16bc-405f-aed7-66e4c212b866
[15:52:19] [Server thread/INFO]: ngans20[/192.168.1.131:58598] logged in with entity id 155 at (-12.254800795897157, 53.0, -86.59390476159983)
[15:52:19] [Server thread/INFO]: ngans20 joined the game
[15:58:38] [Server thread/INFO]: ngans20 has made the advancement [Ice Bucket Challenge]
[15:59:59] [User Authenticator #2/INFO]: UUID of player darth_marth is f94ace34-1ed6-42b7-a242-d92963853236
[15:59:59] [Server thread/INFO]: darth_marth[/192.168.56.1:57981] logged in with entity id 985 at (-10.727981673149245, 53.0, -85.35610894020368)
[15:59:59] [Server thread/INFO]: darth_marth joined the game
[16:01:41] [Server thread/INFO]: darth_marth has made the advancement [Monster Hunter]
[16:09:55] [Server thread/INFO]: ngans20 has made the advancement [We Need to Go Deeper]
[16:23:13] [Server thread/INFO]: darth_marth was shot by Skeleton
[16:25:27] [Server thread/INFO]: darth_marth was blown up by Creeper
[16:30:14] [Server thread/INFO]: darth_marth has made the advancement [Acquire Hardware]
[17:11:53] [Server thread/INFO]: darth_marth lost connection: Disconnected
[17:11:53] [Server thread/INFO]: darth_marth left the game
[17:13:44] [Server thread/INFO]: ngans20 lost connection: Disconnected
[17:13:44] [Server thread/INFO]: ngans20 left the game
[17:13:58] [Server thread/INFO]: Saving the game (this may take a moment!)
[17:13:59] [Server thread/INFO]: Saved the game
[17:14:04] [Server thread/INFO]: Stopping server
[17:14:04] [Server thread/INFO]: Saving players
[17:14:04] [Server thread/INFO]: Saving worlds
[17:14:04] [Server thread/INFO]: Saving chunks for level 'world'/minecraft:the_end
[17:14:04] [Server thread/INFO]: ThreadedAnvilChunkStorage (DIM1): All chunks are saved
[17:14:04] [Server thread/INFO]: Saving chunks for level 'world'/minecraft:the_nether
[17:14:04] [Server thread/INFO]: ThreadedAnvilChunkStorage (DIM-1): All chunks are saved
[17:14:04] [Server thread/INFO]: Saving chunks for level 'world'/minecraft:overworld
[17:14:05] [Server thread/INFO]: ThreadedAnvilChunkStorage (world): All chunks are saved
[17:14:05] [Server thread/INFO]: ThreadedAnvilChunkStorage (DIM1): All chunks are saved
[17:14:05] [Server thread/INFO]: ThreadedAnvilChunkStorage (DIM-1): All chunks are saved
[17:14:05] [Server thread/INFO]: ThreadedAnvilChunkStorage (world): All chunks are saved
